Removed Pin From Net: NetName=3V3_Enc Pin=Arduino1-3V3
Removed Pin From Net: NetName=VCC Pin=Arduino1-5V
Removed Pin From Net: NetName=A1 Pin=Arduino1-A1
Removed Pin From Net: NetName=A2 Pin=Arduino1-A2
Removed Pin From Net: NetName=PWM Pin=Arduino1-D5
Removed Pin From Net: NetName=GND Pin=Arduino1-GND
Removed Pin From Net: NetName=GND Pin=Arduino1-GND
Removed Pin From Net: NetName=GND Pin=C1-1
Removed Pin From Net: NetName=VCC Pin=C1-4
Removed Pin From Net: NetName=M1 Pin=C4-1
Removed Pin From Net: NetName=GND Pin=C4-2
Removed Pin From Net: NetName=3V3_Enc Pin=C4-5
Removed Pin From Net: NetName=GND Pin=LCD1-1
Removed Pin From Net: NetName=VCC Pin=LCD1-2
Removed Pin From Net: NetName=GND Pin=LCD1-5
Removed Pin From Net: NetName=VCC Pin=LCD1-15
Removed Pin From Net: NetName=GND Pin=LCD1-16
Removed Pin From Net: NetName=GND Pin=VOL1-1
Removed Pin From Net: NetName=VCC Pin=VOL1-3
Removed Pin From Net: NetName=VCC Pin=VR1-1
Removed Pin From Net: NetName=GND Pin=VR1-3
Removed Member From Class: ClassName=Ard_Conveyor Member=Arduino1
Removed Member From Class: ClassName=Ard_Conveyor Member=C1
Removed Member From Class: ClassName=Ard_Conveyor Member=C2
Removed Member From Class: ClassName=Ard_Conveyor Member=C3
Removed Member From Class: ClassName=Ard_Conveyor Member=C4
Removed Member From Class: ClassName=Ard_Conveyor Member=VOL1
Removed Member From Class: ClassName=Ard_Conveyor Member=VR1
Added Component: Designator=NodeMCU ESP1(NodeMCU ESP8266)
Add component. Clean all parameters for all variants
Added Component: Designator=P1(BIG_Header 2)
Add component. Clean all parameters for all variants
Added Pin To Net: NetName=3V3_Enc Pin=DIO1-1
Added Pin To Net: NetName=3V3_Enc Pin=P1-1
Added Pin To Net: NetName=M1 Pin=P1-2
Added Pin To Net: NetName=3V3_Enc Pin=Q1-2
Change Net Name : Old Net Name=3V3_Enc New Net Name=NetDIO1_1
Change Net Name : Old Net Name=M1 New Net Name=12V
Change Class Name : Old Net Name=Ard_Conveyor New Net Name=Humi_IOT
Added Member To Class: ClassName=Humi_IOT Member=Component NodeMCU ESP1 NodeMCU ESP8266
Added Member To Class: ClassName=Humi_IOT Member=Component P1 BIG_Header 2
Change Room Name: Old Name=Ard_Conveyor New Name=Humi_IOT
Change Room Scope: Old Scope=InComponentClass('Ard_Conveyor') New Scope=InComponentClass('Humi_IOT')
